<?xml version="1.0" encoding="UTF-8"?>
<testng-results total="2" passed="2" failed="0" skipped="0">
  <reporter-output>
    <line>
      <![CDATA[Application Opened]]>
    </line>
    <line>
      <![CDATA[Login Completed]]>
    </line>
    <line>
      <![CDATA[Logout Completed]]>
    </line>
    <line>
      <![CDATA[Application Closed]]>
    </line>
    <line>
      <![CDATA[Application Opened]]>
    </line>
    <line>
      <![CDATA[Login Completed]]>
    </line>
    <line>
      <![CDATA[Enter into Frame]]>
    </line>
    <line>
      <![CDATA[New Employee Added]]>
    </line>
    <line>
      <![CDATA[Exit from Frame]]>
    </line>
    <line>
      <![CDATA[Logout Completed]]>
    </line>
    <line>
      <![CDATA[Application Closed]]>
    </line>
  </reporter-output>
  <suite started-at="2022-08-12T22:45:56Z" name="Suite1" finished-at="2022-08-12T22:46:07Z" duration-ms="10696">
    <groups>
    </groups>
    <test started-at="2022-08-12T22:45:56Z" name="Nopackage" finished-at="2022-08-12T22:46:07Z" duration-ms="10696">
      <class name="com.hrms.testscripts.TC001">
        <test-method signature="tc001()[pri:0, instance:com.hrms.testscripts.TC001@2d0399f4]" started-at="2022-08-13T04:15:56Z" name="tc001" finished-at="2022-08-13T04:16:01Z" duration-ms="5017" status="PASS">
          <reporter-output>
            <line>
              <![CDATA[Application Opened]]>
            </line>
            <line>
              <![CDATA[Login Completed]]>
            </line>
            <line>
              <![CDATA[Logout Completed]]>
            </line>
            <line>
              <![CDATA[Application Closed]]>
            </line>
          </reporter-output>
        </test-method> <!-- tc001 -->
      </class> <!-- com.hrms.testscripts.TC001 -->
      <class name="com.hrms.testscripts.TC002">
        <test-method signature="tc002()[pri:0, instance:com.hrms.testscripts.TC002@38145825]" started-at="2022-08-13T04:16:01Z" name="tc002" finished-at="2022-08-13T04:16:07Z" duration-ms="5669" status="PASS">
          <reporter-output>
            <line>
              <![CDATA[Application Opened]]>
            </line>
            <line>
              <![CDATA[Login Completed]]>
            </line>
            <line>
              <![CDATA[Enter into Frame]]>
            </line>
            <line>
              <![CDATA[New Employee Added]]>
            </line>
            <line>
              <![CDATA[Exit from Frame]]>
            </line>
            <line>
              <![CDATA[Logout Completed]]>
            </line>
            <line>
              <![CDATA[Application Closed]]>
            </line>
          </reporter-output>
        </test-method> <!-- tc002 -->
      </class> <!-- com.hrms.testscripts.TC002 -->
    </test> <!-- Nopackage -->
  </suite> <!-- Suite1 -->
</testng-results>
